Flow report for D7_ogr
Tue Feb 20 16:45:10 2018
Quartus II Version 9.0 Build 235 06/17/2009 Service Pack 2 SJ Web Edition


---------------------
; Table of Contents ;
---------------------
  1. Legal Notice
  2. Flow Summary
  3. Flow Settings
  4. Flow Non-Default Global Settings
  5. Flow Elapsed Time
  6. Flow OS Summary
  7. Flow Log



----------------
; Legal Notice ;
----------------
Copyright (C) 1991-2009 Altera Corporation
Your use of Altera Corporation's design tools, logic functions 
and other software and tools, and its AMPP partner logic 
functions, and any output files from any of the foregoing 
(including device programming or simulation files), and any 
associated documentation or information are expressly subject 
to the terms and conditions of the Altera Program License 
Subscription Agreement, Altera MegaCore Function License 
Agreement, or other applicable license agreement, including, 
without limitation, that your use is for the sole purpose of 
programming logic devices manufactured by Altera and sold by 
Altera or its authorized distributors.  Please refer to the 
applicable agreement for further details.



+------------------------------------------------------------------------+
; Flow Summary                                                           ;
+-------------------------+----------------------------------------------+
; Flow Status             ; Successful - Tue Feb 20 16:45:10 2018        ;
; Quartus II Version      ; 9.0 Build 235 06/17/2009 SP 2 SJ Web Edition ;
; Revision Name           ; D7_ogr                                       ;
; Top-level Entity Name   ; D7_ogr                                       ;
; Family                  ; FLEX10KE                                     ;
; Device                  ; EPF10K200SRC240-3                            ;
; Timing Models           ; Final                                        ;
; Met timing requirements ; Yes                                          ;
; Total logic elements    ; 2,735 / 9,984 ( 27 % )                       ;
; Total pins              ; 40 / 182 ( 22 % )                            ;
; Total memory bits       ; 0 / 98,304 ( 0 % )                           ;
; Total PLLs              ; 0                                            ;
+-------------------------+----------------------------------------------+


+-----------------------------------------+
; Flow Settings                           ;
+-------------------+---------------------+
; Option            ; Setting             ;
+-------------------+---------------------+
; Start date & time ; 02/20/2018 16:43:53 ;
; Main task         ; Compilation         ;
; Revision Name     ; D7_ogr              ;
+-------------------+---------------------+


+---------------------------------------------------------------------------------------------------------------------------------------------+
; Flow Non-Default Global Settings                                                                                                            ;
+--------------------------------------+--------------------------------------------------+---------------+-------------+---------------------+
; Assignment Name                      ; Value                                            ; Default Value ; Entity Name ; Section Id          ;
+--------------------------------------+--------------------------------------------------+---------------+-------------+---------------------+
; COMPILER_SIGNATURE_ID                ; 163623075888.151911983301552                     ; --            ; --          ; --                  ;
; EDA_FLATTEN_BUSES                    ; On                                               ; --            ; --          ; eda_timing_analysis ;
; EDA_MAP_ILLEGAL_CHARACTERS           ; On                                               ; --            ; --          ; eda_timing_analysis ;
; EDA_NATIVELINK_SIMULATION_TEST_BENCH ; stand_vhd_tst                                    ; --            ; --          ; eda_simulation      ;
; EDA_OUTPUT_DATA_FORMAT               ; Vhdl                                             ; --            ; --          ; eda_simulation      ;
; EDA_OUTPUT_DATA_FORMAT               ; Verilog Hdl                                      ; --            ; --          ; eda_timing_analysis ;
; EDA_SIMULATION_TOOL                  ; ModelSim (VHDL)                                  ; <None>        ; --          ; --                  ;
; EDA_TEST_BENCH_ENABLE_STATUS         ; TEST_BENCH_MODE                                  ; --            ; --          ; eda_simulation      ;
; EDA_TIME_SCALE                       ; 1 ps                                             ; --            ; --          ; eda_simulation      ;
; EDA_TIME_SCALE                       ; 1 ps                                             ; --            ; --          ; eda_timing_analysis ;
; EDA_TIMING_ANALYSIS_TOOL             ; PrimeTime (Verilog)                              ; <None>        ; --          ; --                  ;
; EDA_TRUNCATE_LONG_HIERARCHY_PATHS    ; On                                               ; --            ; --          ; eda_timing_analysis ;
; FLEX10K_OPTIMIZATION_TECHNIQUE       ; Speed                                            ; Area          ; --          ; --                  ;
; MAX_CORE_JUNCTION_TEMP               ; 85                                               ; --            ; --          ; --                  ;
; MIN_CORE_JUNCTION_TEMP               ; 0                                                ; --            ; --          ; --                  ;
; MISC_FILE                            ; c:/projekt N8031100A/N8031101/D7/D7_ogr.dpf      ; --            ; --          ; --                  ;
; MISC_FILE                            ; C:/projekt N8031100A/N8031101/D7/D7_ogr.dpf      ; --            ; --          ; --                  ;
; SEARCH_PATH                          ; f:\project\job\s274\lib\s274_library\elementary/ ; --            ; --          ; --                  ;
; SEARCH_PATH                          ; f:\project\job\s274\lib\s274_library\composite/  ; --            ; --          ; --                  ;
; SEARCH_PATH                          ; c:/altera/90/quartus/libraries/vhdl/ieee/        ; --            ; --          ; --                  ;
; USE_GENERATED_PHYSICAL_CONSTRAINTS   ; Off                                              ; --            ; --          ; eda_blast_fpga      ;
+--------------------------------------+--------------------------------------------------+---------------+-------------+---------------------+


+-----------------------------------------------------------------------------------------------------------------------------+
; Flow Elapsed Time                                                                                                           ;
+-------------------------+--------------+-------------------------+---------------------+------------------------------------+
; Module Name             ; Elapsed Time ; Average Processors Used ; Peak Virtual Memory ; Total CPU Time (on all processors) ;
+-------------------------+--------------+-------------------------+---------------------+------------------------------------+
; Analysis & Synthesis    ; 00:00:30     ; 1.0                     ; 216 MB              ; 00:00:24                           ;
; Fitter                  ; 00:00:34     ; 1.0                     ; 196 MB              ; 00:00:35                           ;
; Assembler               ; 00:00:01     ; 1.0                     ; 187 MB              ; 00:00:01                           ;
; Classic Timing Analyzer ; 00:00:02     ; 1.0                     ; 151 MB              ; 00:00:02                           ;
; EDA Netlist Writer      ; 00:00:03     ; 1.0                     ; 156 MB              ; 00:00:03                           ;
; Total                   ; 00:01:10     ; --                      ; --                  ; 00:01:05                           ;
+-------------------------+--------------+-------------------------+---------------------+------------------------------------+


+---------------------------------------------------------------------------------------+
; Flow OS Summary                                                                       ;
+-------------------------+------------------+------------+------------+----------------+
; Module Name             ; Machine Hostname ; OS Name    ; OS Version ; Processor type ;
+-------------------------+------------------+------------+------------+----------------+
; Analysis & Synthesis    ; k450-2           ; Windows XP ; 5.1        ; i686           ;
; Fitter                  ; k450-2           ; Windows XP ; 5.1        ; i686           ;
; Assembler               ; k450-2           ; Windows XP ; 5.1        ; i686           ;
; Classic Timing Analyzer ; k450-2           ; Windows XP ; 5.1        ; i686           ;
; EDA Netlist Writer      ; k450-2           ; Windows XP ; 5.1        ; i686           ;
+-------------------------+------------------+------------+------------+----------------+


------------
; Flow Log ;
------------
quartus_map --read_settings_files=on --write_settings_files=off D7_ogr -c D7_ogr
quartus_fit --read_settings_files=off --write_settings_files=off D7_ogr -c D7_ogr
quartus_asm --read_settings_files=off --write_settings_files=off D7_ogr -c D7_ogr
quartus_tan --read_settings_files=off --write_settings_files=off D7_ogr -c D7_ogr
quartus_eda --read_settings_files=off --write_settings_files=off D7_ogr -c D7_ogr



