EDA Netlist Writer report for D18_genop
Tue Feb 13 10:55:26 2018
Quartus II Version 9.0 Build 235 06/17/2009 Service Pack 2 SJ Web Edition


---------------------
; Table of Contents ;
---------------------
  1. Legal Notice
  2. EDA Netlist Writer Summary
  3. Simulation Settings
  4. Simulation Generated Files
  5. Timing Analysis Settings
  6. Timing Analysis Generated Files
  7. EDA Netlist Writer Messages



----------------
; Legal Notice ;
----------------
Copyright (C) 1991-2009 Altera Corporation
Your use of Altera Corporation's design tools, logic functions 
and other software and tools, and its AMPP partner logic 
functions, and any output files from any of the foregoing 
(including device programming or simulation files), and any 
associated documentation or information are expressly subject 
to the terms and conditions of the Altera Program License 
Subscription Agreement, Altera MegaCore Function License 
Agreement, or other applicable license agreement, including, 
without limitation, that your use is for the sole purpose of 
programming logic devices manufactured by Altera and sold by 
Altera or its authorized distributors.  Please refer to the 
applicable agreement for further details.



+------------------------------------------------------------------------+
; EDA Netlist Writer Summary                                             ;
+--------------------------------+---------------------------------------+
; EDA Netlist Writer Status      ; Successful - Tue Feb 13 10:55:25 2018 ;
; Revision Name                  ; D18_genop                             ;
; Top-level Entity Name          ; D18_genop                             ;
; Family                         ; FLEX10KE                              ;
; Simulation Files Creation      ; Successful                            ;
; Timing Analysis Files Creation ; Successful                            ;
+--------------------------------+---------------------------------------+


+---------------------------------------------------------------------------------------------------------------------+
; Simulation Settings                                                                                                 ;
+---------------------------------------------------------------------------------------------------+-----------------+
; Option                                                                                            ; Setting         ;
+---------------------------------------------------------------------------------------------------+-----------------+
; Tool Name                                                                                         ; ModelSim (VHDL) ;
; Generate netlist for functional simulation only                                                   ; Off             ;
; Time scale                                                                                        ; 1 ps            ;
; Truncate long hierarchy paths                                                                     ; Off             ;
; Map illegal HDL characters                                                                        ; Off             ;
; Flatten buses into individual nodes                                                               ; Off             ;
; Maintain hierarchy                                                                                ; Off             ;
; Bring out device-wide set/reset signals as ports                                                  ; Off             ;
; Enable glitch filtering                                                                           ; Off             ;
; Do not write top level VHDL entity                                                                ; Off             ;
; Disable detection of setup and hold time violations in the input registers of bi-directional pins ; Off             ;
; Architecture name in VHDL output netlist                                                          ; structure       ;
; Generate third-party EDA tool command script for RTL functional simulation                        ; Off             ;
; Generate third-party EDA tool command script for gate-level simulation                            ; Off             ;
+---------------------------------------------------------------------------------------------------+-----------------+


+-------------------------------------------------------------------------+
; Simulation Generated Files                                              ;
+-------------------------------------------------------------------------+
; Generated Files                                                         ;
+-------------------------------------------------------------------------+
; c:/projekt N8031100A/N8031110/D18/simulation/modelsim/D18_genop.vho     ;
; c:/projekt N8031100A/N8031110/D18/simulation/modelsim/D18_genop_vhd.sdo ;
+-------------------------------------------------------------------------+


+-----------------------------------------------------------+
; Timing Analysis Settings                                  ;
+-------------------------------------+---------------------+
; Option                              ; Setting             ;
+-------------------------------------+---------------------+
; Tool Name                           ; PrimeTime (Verilog) ;
; Time scale                          ; 1 ps                ;
; Truncate long hierarchy paths       ; On                  ;
; Map illegal HDL characters          ; On                  ;
; Flatten buses into individual nodes ; On                  ;
+-------------------------------------+---------------------+


+-----------------------------------------------------------------------+
; Timing Analysis Generated Files                                       ;
+-----------------------------------------------------------------------+
; Generated Files                                                       ;
+-----------------------------------------------------------------------+
; c:/projekt N8031100A/N8031110/D18/timing/primetime/D18_genop.vo       ;
; c:/projekt N8031100A/N8031110/D18/timing/primetime/D18_genop_v.sdo    ;
; c:/projekt N8031100A/N8031110/D18/timing/primetime/D18_genop_pt_v.tcl ;
+-----------------------------------------------------------------------+


+-----------------------------+
; EDA Netlist Writer Messages ;
+-----------------------------+
Info: *******************************************************************
Info: Running Quartus II EDA Netlist Writer
    Info: Version 9.0 Build 235 06/17/2009 Service Pack 2 SJ Web Edition
    Info: Processing started: Tue Feb 13 10:55:23 2018
Info: Command: quartus_eda --read_settings_files=off --write_settings_files=off D18_genop -c D18_genop
Info: Generated files "D18_genop.vho" and "D18_genop_vhd.sdo" in directory "c:/projekt N8031100A/N8031110/D18/simulation/modelsim/" for EDA simulation tool
Info: Generated files "D18_genop.vo" and "D18_genop_v.sdo" in directory "c:/projekt N8031100A/N8031110/D18/timing/primetime/" for EDA timing analysis tool
Warning: Expected ENABLE_CLOCK_LATENCY to be set to ON but is set to OFF
Info: Generated PrimeTime Tcl script file c:/projekt N8031100A/N8031110/D18/timing/primetime/D18_genop_pt_v.tcl
Info: Quartus II EDA Netlist Writer was successful. 0 errors, 1 warning
    Info: Peak virtual memory: 156 megabytes
    Info: Processing ended: Tue Feb 13 10:55:26 2018
    Info: Elapsed time: 00:00:03
    Info: Total CPU time (on all processors): 00:00:03


